{"content": {"suites": {"0": {"status": {"total_pass": 0, "total_skip": 0, "total_xpass": 0, "total_xfail": 0, "total_rerun": 0, "total_fail": 10, "total_error": 0}, "tests": {"0": {"status": "FAIL", "message": "E   selenium.common.exceptions.WebDriverException: Message: unknown error: net::ERR_NAME_NOT_RESOLVED\n (Session info: chrome=132.0.6834.196)\nE   Stacktrace:\nE   \tGetHandleVerifier [0x00007FF698A902F5+28725]\nE   \t(No symbol) [0x00007FF6989F2AE0]\nE   \t(No symbol) [0x00007FF69888510A]\nE   \t(No symbol) [0x00007FF698882861]\nE   \t(No symbol) [0x00007FF698873559]\nE   \t(No symbol) [0x00007FF6988752AF]\nE   \t(No symbol) [0x00007FF69887381F]\nE   \t(No symbol) [0x00007FF6988732ED]\nE   \t(No symbol) [0x00007FF698872FBA]\nE   \t(No symbol) [0x00007FF698870DD1]\nE   \t(No symbol) [0x00007FF69887145C]\nE   \t(No symbol) [0x00007FF69888824A]\nE   \t(No symbol) [0x00007FF698920FAE]\nE   \t(No symbol) [0x00007FF6988FFFAA]\nE   \t(No symbol) [0x00007FF698920181]\nE   \t(No symbol) [0x00007FF6988FFD53]\nE   \t(No symbol) [0x00007FF6988CA0E3]\nE   \t(No symbol) [0x00007FF6988CB471]\nE   \tGetHandleVerifier [0x00007FF698DBF30D+3366989]\nE   \tGetHandleVerifier [0x00007FF698DD12F0+3440688]\nE   \tGetHandleVerifier [0x00007FF698DC78FD+3401277]\nE   \tGetHandleVerifier [0x00007FF698B5AAAB+858091]\nE   \t(No symbol) [0x00007FF6989FE74F]\nE   \t(No symbol) [0x00007FF6989FA304]\nE   \t(No symbol) [0x00007FF6989FA49D]\nE   \t(No symbol) [0x00007FF6989E8B69]\nE   \tBaseThreadInitThunk [0x00007FFEE6B5259D+29]\nE   \tRtlUserThreadStart [0x00007FFEE7F8AF38+40]\n", "test_name": "test_boost_login_page_display", "rerun": "0"}, "1": {"status": "FAIL", "message": "E   selenium.common.exceptions.WebDriverException: Message: unknown error: net::ERR_NAME_NOT_RESOLVED\n (Session info: chrome=132.0.6834.196)\nE   Stacktrace:\nE   \tGetHandleVerifier [0x00007FF698A902F5+28725]\nE   \t(No symbol) [0x00007FF6989F2AE0]\nE   \t(No symbol) [0x00007FF69888510A]\nE   \t(No symbol) [0x00007FF698882861]\nE   \t(No symbol) [0x00007FF698873559]\nE   \t(No symbol) [0x00007FF6988752AF]\nE   \t(No symbol) [0x00007FF69887381F]\nE   \t(No symbol) [0x00007FF6988732ED]\nE   \t(No symbol) [0x00007FF698872FBA]\nE   \t(No symbol) [0x00007FF698870DD1]\nE   \t(No symbol) [0x00007FF69887145C]\nE   \t(No symbol) [0x00007FF69888824A]\nE   \t(No symbol) [0x00007FF698920FAE]\nE   \t(No symbol) [0x00007FF6988FFFAA]\nE   \t(No symbol) [0x00007FF698920181]\nE   \t(No symbol) [0x00007FF6988FFD53]\nE   \t(No symbol) [0x00007FF6988CA0E3]\nE   \t(No symbol) [0x00007FF6988CB471]\nE   \tGetHandleVerifier [0x00007FF698DBF30D+3366989]\nE   \tGetHandleVerifier [0x00007FF698DD12F0+3440688]\nE   \tGetHandleVerifier [0x00007FF698DC78FD+3401277]\nE   \tGetHandleVerifier [0x00007FF698B5AAAB+858091]\nE   \t(No symbol) [0x00007FF6989FE74F]\nE   \t(No symbol) [0x00007FF6989FA304]\nE   \t(No symbol) [0x00007FF6989FA49D]\nE   \t(No symbol) [0x00007FF6989E8B69]\nE   \tBaseThreadInitThunk [0x00007FFEE6B5259D+29]\nE   \tRtlUserThreadStart [0x00007FFEE7F8AF38+40]\n", "test_name": "test_valid_login", "rerun": "0"}, "2": {"status": "FAIL", "message": "E   selenium.common.exceptions.WebDriverException: Message: unknown error: net::ERR_NAME_NOT_RESOLVED\n (Session info: chrome=132.0.6834.196)\nE   Stacktrace:\nE   \tGetHandleVerifier [0x00007FF698A902F5+28725]\nE   \t(No symbol) [0x00007FF6989F2AE0]\nE   \t(No symbol) [0x00007FF69888510A]\nE   \t(No symbol) [0x00007FF698882861]\nE   \t(No symbol) [0x00007FF698873559]\nE   \t(No symbol) [0x00007FF6988752AF]\nE   \t(No symbol) [0x00007FF69887381F]\nE   \t(No symbol) [0x00007FF6988732ED]\nE   \t(No symbol) [0x00007FF698872FBA]\nE   \t(No symbol) [0x00007FF698870DD1]\nE   \t(No symbol) [0x00007FF69887145C]\nE   \t(No symbol) [0x00007FF69888824A]\nE   \t(No symbol) [0x00007FF698920FAE]\nE   \t(No symbol) [0x00007FF6988FFFAA]\nE   \t(No symbol) [0x00007FF698920181]\nE   \t(No symbol) [0x00007FF6988FFD53]\nE   \t(No symbol) [0x00007FF6988CA0E3]\nE   \t(No symbol) [0x00007FF6988CB471]\nE   \tGetHandleVerifier [0x00007FF698DBF30D+3366989]\nE   \tGetHandleVerifier [0x00007FF698DD12F0+3440688]\nE   \tGetHandleVerifier [0x00007FF698DC78FD+3401277]\nE   \tGetHandleVerifier [0x00007FF698B5AAAB+858091]\nE   \t(No symbol) [0x00007FF6989FE74F]\nE   \t(No symbol) [0x00007FF6989FA304]\nE   \t(No symbol) [0x00007FF6989FA49D]\nE   \t(No symbol) [0x00007FF6989E8B69]\nE   \tBaseThreadInitThunk [0x00007FFEE6B5259D+29]\nE   \tRtlUserThreadStart [0x00007FFEE7F8AF38+40]\n", "test_name": "test_invalid_email_login", "rerun": "0"}, "3": {"status": "FAIL", "message": "E   selenium.common.exceptions.WebDriverException: Message: unknown error: net::ERR_NAME_NOT_RESOLVED\n (Session info: chrome=132.0.6834.196)\nE   Stacktrace:\nE   \tGetHandleVerifier [0x00007FF698A902F5+28725]\nE   \t(No symbol) [0x00007FF6989F2AE0]\nE   \t(No symbol) [0x00007FF69888510A]\nE   \t(No symbol) [0x00007FF698882861]\nE   \t(No symbol) [0x00007FF698873559]\nE   \t(No symbol) [0x00007FF6988752AF]\nE   \t(No symbol) [0x00007FF69887381F]\nE   \t(No symbol) [0x00007FF6988732ED]\nE   \t(No symbol) [0x00007FF698872FBA]\nE   \t(No symbol) [0x00007FF698870DD1]\nE   \t(No symbol) [0x00007FF69887145C]\nE   \t(No symbol) [0x00007FF69888824A]\nE   \t(No symbol) [0x00007FF698920FAE]\nE   \t(No symbol) [0x00007FF6988FFFAA]\nE   \t(No symbol) [0x00007FF698920181]\nE   \t(No symbol) [0x00007FF6988FFD53]\nE   \t(No symbol) [0x00007FF6988CA0E3]\nE   \t(No symbol) [0x00007FF6988CB471]\nE   \tGetHandleVerifier [0x00007FF698DBF30D+3366989]\nE   \tGetHandleVerifier [0x00007FF698DD12F0+3440688]\nE   \tGetHandleVerifier [0x00007FF698DC78FD+3401277]\nE   \tGetHandleVerifier [0x00007FF698B5AAAB+858091]\nE   \t(No symbol) [0x00007FF6989FE74F]\nE   \t(No symbol) [0x00007FF6989FA304]\nE   \t(No symbol) [0x00007FF6989FA49D]\nE   \t(No symbol) [0x00007FF6989E8B69]\nE   \tBaseThreadInitThunk [0x00007FFEE6B5259D+29]\nE   \tRtlUserThreadStart [0x00007FFEE7F8AF38+40]\n", "test_name": "test_empty_email_and_password", "rerun": "0"}, "4": {"status": "FAIL", "message": "E   selenium.common.exceptions.WebDriverException: Message: unknown error: net::ERR_NAME_NOT_RESOLVED\n (Session info: chrome=132.0.6834.196)\nE   Stacktrace:\nE   \tGetHandleVerifier [0x00007FF698A902F5+28725]\nE   \t(No symbol) [0x00007FF6989F2AE0]\nE   \t(No symbol) [0x00007FF69888510A]\nE   \t(No symbol) [0x00007FF698882861]\nE   \t(No symbol) [0x00007FF698873559]\nE   \t(No symbol) [0x00007FF6988752AF]\nE   \t(No symbol) [0x00007FF69887381F]\nE   \t(No symbol) [0x00007FF6988732ED]\nE   \t(No symbol) [0x00007FF698872FBA]\nE   \t(No symbol) [0x00007FF698870DD1]\nE   \t(No symbol) [0x00007FF69887145C]\nE   \t(No symbol) [0x00007FF69888824A]\nE   \t(No symbol) [0x00007FF698920FAE]\nE   \t(No symbol) [0x00007FF6988FFFAA]\nE   \t(No symbol) [0x00007FF698920181]\nE   \t(No symbol) [0x00007FF6988FFD53]\nE   \t(No symbol) [0x00007FF6988CA0E3]\nE   \t(No symbol) [0x00007FF6988CB471]\nE   \tGetHandleVerifier [0x00007FF698DBF30D+3366989]\nE   \tGetHandleVerifier [0x00007FF698DD12F0+3440688]\nE   \tGetHandleVerifier [0x00007FF698DC78FD+3401277]\nE   \tGetHandleVerifier [0x00007FF698B5AAAB+858091]\nE   \t(No symbol) [0x00007FF6989FE74F]\nE   \t(No symbol) [0x00007FF6989FA304]\nE   \t(No symbol) [0x00007FF6989FA49D]\nE   \t(No symbol) [0x00007FF6989E8B69]\nE   \tBaseThreadInitThunk [0x00007FFEE6B5259D+29]\nE   \tRtlUserThreadStart [0x00007FFEE7F8AF38+40]\n", "test_name": "test_valid_email_invalid_password", "rerun": "0"}, "5": {"status": "FAIL", "message": "E   selenium.common.exceptions.WebDriverException: Message: unknown error: net::ERR_NAME_NOT_RESOLVED\n (Session info: chrome=132.0.6834.196)\nE   Stacktrace:\nE   \tGetHandleVerifier [0x00007FF698A902F5+28725]\nE   \t(No symbol) [0x00007FF6989F2AE0]\nE   \t(No symbol) [0x00007FF69888510A]\nE   \t(No symbol) [0x00007FF698882861]\nE   \t(No symbol) [0x00007FF698873559]\nE   \t(No symbol) [0x00007FF6988752AF]\nE   \t(No symbol) [0x00007FF69887381F]\nE   \t(No symbol) [0x00007FF6988732ED]\nE   \t(No symbol) [0x00007FF698872FBA]\nE   \t(No symbol) [0x00007FF698870DD1]\nE   \t(No symbol) [0x00007FF69887145C]\nE   \t(No symbol) [0x00007FF69888824A]\nE   \t(No symbol) [0x00007FF698920FAE]\nE   \t(No symbol) [0x00007FF6988FFFAA]\nE   \t(No symbol) [0x00007FF698920181]\nE   \t(No symbol) [0x00007FF6988FFD53]\nE   \t(No symbol) [0x00007FF6988CA0E3]\nE   \t(No symbol) [0x00007FF6988CB471]\nE   \tGetHandleVerifier [0x00007FF698DBF30D+3366989]\nE   \tGetHandleVerifier [0x00007FF698DD12F0+3440688]\nE   \tGetHandleVerifier [0x00007FF698DC78FD+3401277]\nE   \tGetHandleVerifier [0x00007FF698B5AAAB+858091]\nE   \t(No symbol) [0x00007FF6989FE74F]\nE   \t(No symbol) [0x00007FF6989FA304]\nE   \t(No symbol) [0x00007FF6989FA49D]\nE   \t(No symbol) [0x00007FF6989E8B69]\nE   \tBaseThreadInitThunk [0x00007FFEE6B5259D+29]\nE   \tRtlUserThreadStart [0x00007FFEE7F8AF38+40]\n", "test_name": "test_valid_email_empty_password", "rerun": "0"}, "6": {"status": "FAIL", "message": "E   selenium.common.exceptions.WebDriverException: Message: unknown error: net::ERR_NAME_NOT_RESOLVED\n (Session info: chrome=132.0.6834.196)\nE   Stacktrace:\nE   \tGetHandleVerifier [0x00007FF698A902F5+28725]\nE   \t(No symbol) [0x00007FF6989F2AE0]\nE   \t(No symbol) [0x00007FF69888510A]\nE   \t(No symbol) [0x00007FF698882861]\nE   \t(No symbol) [0x00007FF698873559]\nE   \t(No symbol) [0x00007FF6988752AF]\nE   \t(No symbol) [0x00007FF69887381F]\nE   \t(No symbol) [0x00007FF6988732ED]\nE   \t(No symbol) [0x00007FF698872FBA]\nE   \t(No symbol) [0x00007FF698870DD1]\nE   \t(No symbol) [0x00007FF69887145C]\nE   \t(No symbol) [0x00007FF69888824A]\nE   \t(No symbol) [0x00007FF698920FAE]\nE   \t(No symbol) [0x00007FF6988FFFAA]\nE   \t(No symbol) [0x00007FF698920181]\nE   \t(No symbol) [0x00007FF6988FFD53]\nE   \t(No symbol) [0x00007FF6988CA0E3]\nE   \t(No symbol) [0x00007FF6988CB471]\nE   \tGetHandleVerifier [0x00007FF698DBF30D+3366989]\nE   \tGetHandleVerifier [0x00007FF698DD12F0+3440688]\nE   \tGetHandleVerifier [0x00007FF698DC78FD+3401277]\nE   \tGetHandleVerifier [0x00007FF698B5AAAB+858091]\nE   \t(No symbol) [0x00007FF6989FE74F]\nE   \t(No symbol) [0x00007FF6989FA304]\nE   \t(No symbol) [0x00007FF6989FA49D]\nE   \t(No symbol) [0x00007FF6989E8B69]\nE   \tBaseThreadInitThunk [0x00007FFEE6B5259D+29]\nE   \tRtlUserThreadStart [0x00007FFEE7F8AF38+40]\n", "test_name": "test_empty_email_valid_password", "rerun": "0"}, "7": {"status": "FAIL", "message": "E   selenium.common.exceptions.WebDriverException: Message: unknown error: net::ERR_NAME_NOT_RESOLVED\n (Session info: chrome=132.0.6834.196)\nE   Stacktrace:\nE   \tGetHandleVerifier [0x00007FF698A902F5+28725]\nE   \t(No symbol) [0x00007FF6989F2AE0]\nE   \t(No symbol) [0x00007FF69888510A]\nE   \t(No symbol) [0x00007FF698882861]\nE   \t(No symbol) [0x00007FF698873559]\nE   \t(No symbol) [0x00007FF6988752AF]\nE   \t(No symbol) [0x00007FF69887381F]\nE   \t(No symbol) [0x00007FF6988732ED]\nE   \t(No symbol) [0x00007FF698872FBA]\nE   \t(No symbol) [0x00007FF698870DD1]\nE   \t(No symbol) [0x00007FF69887145C]\nE   \t(No symbol) [0x00007FF69888824A]\nE   \t(No symbol) [0x00007FF698920FAE]\nE   \t(No symbol) [0x00007FF6988FFFAA]\nE   \t(No symbol) [0x00007FF698920181]\nE   \t(No symbol) [0x00007FF6988FFD53]\nE   \t(No symbol) [0x00007FF6988CA0E3]\nE   \t(No symbol) [0x00007FF6988CB471]\nE   \tGetHandleVerifier [0x00007FF698DBF30D+3366989]\nE   \tGetHandleVerifier [0x00007FF698DD12F0+3440688]\nE   \tGetHandleVerifier [0x00007FF698DC78FD+3401277]\nE   \tGetHandleVerifier [0x00007FF698B5AAAB+858091]\nE   \t(No symbol) [0x00007FF6989FE74F]\nE   \t(No symbol) [0x00007FF6989FA304]\nE   \t(No symbol) [0x00007FF6989FA49D]\nE   \t(No symbol) [0x00007FF6989E8B69]\nE   \tBaseThreadInitThunk [0x00007FFEE6B5259D+29]\nE   \tRtlUserThreadStart [0x00007FFEE7F8AF38+40]\n", "test_name": "test_special_characters_in_email", "rerun": "0"}, "8": {"status": "FAIL", "message": "E   selenium.common.exceptions.WebDriverException: Message: unknown error: net::ERR_NAME_NOT_RESOLVED\n (Session info: chrome=132.0.6834.196)\nE   Stacktrace:\nE   \tGetHandleVerifier [0x00007FF698A902F5+28725]\nE   \t(No symbol) [0x00007FF6989F2AE0]\nE   \t(No symbol) [0x00007FF69888510A]\nE   \t(No symbol) [0x00007FF698882861]\nE   \t(No symbol) [0x00007FF698873559]\nE   \t(No symbol) [0x00007FF6988752AF]\nE   \t(No symbol) [0x00007FF69887381F]\nE   \t(No symbol) [0x00007FF6988732ED]\nE   \t(No symbol) [0x00007FF698872FBA]\nE   \t(No symbol) [0x00007FF698870DD1]\nE   \t(No symbol) [0x00007FF69887145C]\nE   \t(No symbol) [0x00007FF69888824A]\nE   \t(No symbol) [0x00007FF698920FAE]\nE   \t(No symbol) [0x00007FF6988FFFAA]\nE   \t(No symbol) [0x00007FF698920181]\nE   \t(No symbol) [0x00007FF6988FFD53]\nE   \t(No symbol) [0x00007FF6988CA0E3]\nE   \t(No symbol) [0x00007FF6988CB471]\nE   \tGetHandleVerifier [0x00007FF698DBF30D+3366989]\nE   \tGetHandleVerifier [0x00007FF698DD12F0+3440688]\nE   \tGetHandleVerifier [0x00007FF698DC78FD+3401277]\nE   \tGetHandleVerifier [0x00007FF698B5AAAB+858091]\nE   \t(No symbol) [0x00007FF6989FE74F]\nE   \t(No symbol) [0x00007FF6989FA304]\nE   \t(No symbol) [0x00007FF6989FA49D]\nE   \t(No symbol) [0x00007FF6989E8B69]\nE   \tBaseThreadInitThunk [0x00007FFEE6B5259D+29]\nE   \tRtlUserThreadStart [0x00007FFEE7F8AF38+40]\n", "test_name": "test_forgot_password_link", "rerun": "0"}, "9": {"status": "FAIL", "message": "E   selenium.common.exceptions.WebDriverException: Message: unknown error: net::ERR_NAME_NOT_RESOLVED\n (Session info: chrome=132.0.6834.196)\nE   Stacktrace:\nE   \tGetHandleVerifier [0x00007FF698A902F5+28725]\nE   \t(No symbol) [0x00007FF6989F2AE0]\nE   \t(No symbol) [0x00007FF69888510A]\nE   \t(No symbol) [0x00007FF698882861]\nE   \t(No symbol) [0x00007FF698873559]\nE   \t(No symbol) [0x00007FF6988752AF]\nE   \t(No symbol) [0x00007FF69887381F]\nE   \t(No symbol) [0x00007FF6988732ED]\nE   \t(No symbol) [0x00007FF698872FBA]\nE   \t(No symbol) [0x00007FF698870DD1]\nE   \t(No symbol) [0x00007FF69887145C]\nE   \t(No symbol) [0x00007FF69888824A]\nE   \t(No symbol) [0x00007FF698920FAE]\nE   \t(No symbol) [0x00007FF6988FFFAA]\nE   \t(No symbol) [0x00007FF698920181]\nE   \t(No symbol) [0x00007FF6988FFD53]\nE   \t(No symbol) [0x00007FF6988CA0E3]\nE   \t(No symbol) [0x00007FF6988CB471]\nE   \tGetHandleVerifier [0x00007FF698DBF30D+3366989]\nE   \tGetHandleVerifier [0x00007FF698DD12F0+3440688]\nE   \tGetHandleVerifier [0x00007FF698DC78FD+3401277]\nE   \tGetHandleVerifier [0x00007FF698B5AAAB+858091]\nE   \t(No symbol) [0x00007FF6989FE74F]\nE   \t(No symbol) [0x00007FF6989FA304]\nE   \t(No symbol) [0x00007FF6989FA49D]\nE   \t(No symbol) [0x00007FF6989E8B69]\nE   \tBaseThreadInitThunk [0x00007FFEE6B5259D+29]\nE   \tRtlUserThreadStart [0x00007FFEE7F8AF38+40]\n", "test_name": "test_back_to_login_screen", "rerun": "0"}}, "suite_name": "testcases/test_login_screen.py"}}}, "date": "February 14, 2025", "start_time": 1739530342.0101347, "total_suite": 1, "status": "FAIL", "status_list": {"pass": "0", "fail": "10", "skip": "0", "error": "0", "xpass": "0", "xfail": "0", "rerun": "0"}, "total_tests": "10"}